#
# There is insufficient memory for the Java Runtime Environment to continue.
# Native memory allocation (mmap) failed to map 201326592 bytes. Error detail: G1 virtual space
# Possible reasons:
#   The system is out of physical RAM or swap space
#   This process is running with CompressedOops enabled, and the Java Heap may be blocking the growth of the native heap
# Possible solutions:
#   Reduce memory load on the system
#   Increase physical memory or swap space
#   Check if swap backing store is full
#   Decrease Java heap size (-Xmx/-Xms)
#   Decrease number of Java threads
#   Decrease Java thread stack sizes (-Xss)
#   Set larger code cache with -XX:ReservedCodeCacheSize=
#   JVM is running with Zero Based Compressed Oops mode in which the Java heap is
#     placed in the first 32GB address space. The Java Heap base address is the
#     maximum limit for the native heap growth. Please use -XX:HeapBaseMinAddress
#     to set the Java Heap base and to place the Java Heap above 32GB virtual address.
# This output file may be truncated or incomplete.
#
#  Out of Memory Error (os_windows.cpp:3703), pid=14080, tid=14804
#
# JRE version:  (23.0.1+11) (build )
# Java VM: Java HotSpot(TM) 64-Bit Server VM (23.0.1+11-39, mixed mode, sharing, tiered, compressed oops, compressed class ptrs, g1 gc, windows-amd64)
# No core dump will be written. Minidumps are not enabled by default on client versions of Windows
#

---------------  S U M M A R Y ------------

Command Line: 

Host: Intel(R) Core(TM) i5-6300U CPU @ 2.40GHz, 4 cores, 11G,  Windows 10 , 64 bit Build 19041 (10.0.19041.5438)
Time: Fri Feb 21 11:54:47 2025 South Africa Standard Time elapsed time: 0.081426 seconds (0d 0h 0m 0s)

---------------  T H R E A D  ---------------

Current thread (0x000001f1efe1d9d0):  JavaThread "Unknown thread" [_thread_in_vm, id=14804, stack(0x000000219d100000,0x000000219d200000) (1024K)]

Stack: [0x000000219d100000,0x000000219d200000]
Native frames: (J=compiled Java code, j=interpreted, Vv=VM code, C=native code)
V  [jvm.dll+0x6e08b9]  (no source info available)
V  [jvm.dll+0x87dc83]  (no source info available)
V  [jvm.dll+0x88010e]  (no source info available)
V  [jvm.dll+0x8807e3]  (no source info available)
V  [jvm.dll+0x27aee6]  (no source info available)
V  [jvm.dll+0x6dd1c5]  (no source info available)
V  [jvm.dll+0x6d104a]  (no source info available)
V  [jvm.dll+0x35b3ea]  (no source info available)
V  [jvm.dll+0x3637f6]  (no source info available)
V  [jvm.dll+0x34fd5e]  (no source info available)
V  [jvm.dll+0x34fff8]  (no source info available)
V  [jvm.dll+0x3289cc]  (no source info available)
V  [jvm.dll+0x32966e]  (no source info available)
V  [jvm.dll+0x844355]  (no source info available)
V  [jvm.dll+0x3b9848]  (no source info available)
V  [jvm.dll+0x82d14c]  (no source info available)
V  [jvm.dll+0x454d4e]  (no source info available)
V  [jvm.dll+0x456bd1]  (no source info available)
C  [jli.dll+0x52a3]  (no source info available)
C  [ucrtbase.dll+0x21bb2]  (no source info available)
C  [KERNEL32.DLL+0x17374]  (no source info available)
C  [ntdll.dll+0x4cc91]  (no source info available)

Lock stack of current Java thread (top to bottom):


---------------  P R O C E S S  ---------------

Threads class SMR info:
_java_thread_list=0x00007fff3f213618, length=0, elements={
}

Java Threads: ( => current thread )
Total: 0

Other Threads:
  0x000001f1f20b2db0 WorkerThread "GC Thread#0"                     [id=10648, stack(0x000000219d200000,0x000000219d300000) (1024K)]
  0x000001f1f20c34e0 ConcurrentGCThread "G1 Main Marker"            [id=15516, stack(0x000000219d300000,0x000000219d400000) (1024K)]
  0x000001f1f20c3ff0 WorkerThread "G1 Conc#0"                       [id=18416, stack(0x000000219d400000,0x000000219d500000) (1024K)]

[error occurred during error reporting (printing all threads), id 0xc0000005, EXCEPTION_ACCESS_VIOLATION (0xc0000005) at pc=0x00007fff3e95bfba]
VM state: not at safepoint (not fully initialized)

VM Mutex/Monitor currently owned by a thread:  ([mutex/lock_event])
[0x00007fff3f293a10] Heap_lock - owner thread: 0x000001f1efe1d9d0

Heap address: 0x0000000741e00000, size: 3042 MB, Compressed Oops mode: Zero based, Oop shift amount: 3

CDS archive(s) mapped at: [0x0000000000000000-0x0000000000000000-0x0000000000000000), size 0, SharedBaseAddress: 0x0000000800000000, ArchiveRelocationMode: 1.
Narrow klass base: 0x0000000000000000, Narrow klass shift: 0, Narrow klass range: 0x0

GC Precious Log:
 CardTable entry size: 512
 Card Set container configuration: InlinePtr #cards 4 size 8 Array Of Cards #cards 16 size 48 Howl #buckets 8 coarsen threshold 3686 Howl Bitmap #cards 512 size 80 coarsen threshold 460 Card regions per heap region 1 cards per card region 4096

Heap:
 garbage-first heap   total reserved 3115008K, committed 0K, used 0K [0x0000000741e00000, 0x0000000800000000)
  region size 2048K, 0 young (0K), 0 survivors (0K)

[error occurred during error reporting (printing heap information), id 0xc0000005, EXCEPTION_ACCESS_VIOLATION (0xc0000005) at pc=0x00007fff3ed5c3c9]
GC Heap History (0 events):
No events

Dll operation events (1 events):
Event: 0.047 Loaded shared library C:\Program Files\Java\jdk-23\bin\java.dll

Deoptimization events (0 events):
No events

Classes loaded (0 events):
No events

Classes unloaded (0 events):
No events

Classes redefined (0 events):
No events

Internal exceptions (0 events):
No events

VM Operations (0 events):
No events

Memory protections (0 events):
No events

Nmethod flushes (0 events):
No events

Events (0 events):
No events


Dynamic libraries:
0x00007ff653250000 - 0x00007ff653260000 	C:\Program Files\Java\jdk-23\bin\java.exe
0x00007fffd28b0000 - 0x00007fffd2aa8000 	C:\Windows\SYSTEM32\ntdll.dll
0x00007fffd1590000 - 0x00007fffd1652000 	C:\Windows\System32\KERNEL32.DLL
0x00007fffd01a0000 - 0x00007fffd049f000 	C:\Windows\System32\KERNELBASE.dll
0x00007fffd0770000 - 0x00007fffd0870000 	C:\Windows\System32\ucrtbase.dll
0x00007fff99950000 - 0x00007fff99967000 	C:\Program Files\Java\jdk-23\bin\jli.dll
0x00007fff978f0000 - 0x00007fff9790b000 	C:\Program Files\Java\jdk-23\bin\VCRUNTIME140.dll
0x00007fffd1910000 - 0x00007fffd1aad000 	C:\Windows\System32\USER32.dll
0x00007fffd08a0000 - 0x00007fffd08c2000 	C:\Windows\System32\win32u.dll
0x00007fffd2320000 - 0x00007fffd234b000 	C:\Windows\System32\GDI32.dll
0x00007fffb19f0000 - 0x00007fffb1c8a000 	C:\Windows\WinSxS\amd64_microsoft.windows.common-controls_6595b64144ccf1df_6.0.19041.4355_none_60b8b9eb71f62e16\COMCTL32.dll
0x00007fffd0080000 - 0x00007fffd019a000 	C:\Windows\System32\gdi32full.dll
0x00007fffd2280000 - 0x00007fffd231e000 	C:\Windows\System32\msvcrt.dll
0x00007fffcff50000 - 0x00007fffcffed000 	C:\Windows\System32\msvcp_win.dll
0x00007fffd2710000 - 0x00007fffd273f000 	C:\Windows\System32\IMM32.DLL
0x00007fffb0bd0000 - 0x00007fffb0bdc000 	C:\Program Files\Java\jdk-23\bin\vcruntime140_1.dll
0x00007fff5ee00000 - 0x00007fff5ee8e000 	C:\Program Files\Java\jdk-23\bin\msvcp140.dll
0x00007fff3e620000 - 0x00007fff3f36f000 	C:\Program Files\Java\jdk-23\bin\server\jvm.dll
0x00007fffd21d0000 - 0x00007fffd227f000 	C:\Windows\System32\ADVAPI32.dll
0x00007fffd11f0000 - 0x00007fffd128f000 	C:\Windows\System32\sechost.dll
0x00007fffd16c0000 - 0x00007fffd17e3000 	C:\Windows\System32\RPCRT4.dll
0x00007fffd0870000 - 0x00007fffd0897000 	C:\Windows\System32\bcrypt.dll
0x00007fffd1290000 - 0x00007fffd12fb000 	C:\Windows\System32\WS2_32.dll
0x00007fffcfdb0000 - 0x00007fffcfdfb000 	C:\Windows\SYSTEM32\POWRPROF.dll
0x00007fffbb460000 - 0x00007fffbb487000 	C:\Windows\SYSTEM32\WINMM.dll
0x00007fffc5810000 - 0x00007fffc581a000 	C:\Windows\SYSTEM32\VERSION.dll
0x00007fffcfd90000 - 0x00007fffcfda2000 	C:\Windows\SYSTEM32\UMPDC.dll
0x00007fffce730000 - 0x00007fffce742000 	C:\Windows\SYSTEM32\kernel.appcore.dll
0x00007fffa9210000 - 0x00007fffa921a000 	C:\Program Files\Java\jdk-23\bin\jimage.dll
0x00007fffcaad0000 - 0x00007fffcacb4000 	C:\Windows\SYSTEM32\DBGHELP.DLL
0x00007fffb0b90000 - 0x00007fffb0bc4000 	C:\Windows\SYSTEM32\dbgcore.DLL
0x00007fffcfff0000 - 0x00007fffd0072000 	C:\Windows\System32\bcryptPrimitives.dll
0x00007fff96e60000 - 0x00007fff96e7e000 	C:\Program Files\Java\jdk-23\bin\java.dll
0x00007fffd2740000 - 0x00007fffd286b000 	C:\Windows\System32\ole32.dll
0x00007fffd23b0000 - 0x00007fffd2705000 	C:\Windows\System32\combase.dll
0x00007fffd0a80000 - 0x00007fffd11ed000 	C:\Windows\System32\SHELL32.dll

dbghelp: loaded successfully - version: 4.0.5 - missing functions: none
symbol engine: initialized successfully - sym options: 0x614 - pdb path: .;C:\Program Files\Java\jdk-23\bin;C:\Windows\SYSTEM32;C:\Windows\WinSxS\amd64_microsoft.windows.common-controls_6595b64144ccf1df_6.0.19041.4355_none_60b8b9eb71f62e16;C:\Program Files\Java\jdk-23\bin\server

VM Arguments:
java_command: <unknown>
java_class_path (initial): <not set>
Launcher Type: SUN_STANDARD

[Global flags]
     intx CICompilerCount                          = 3                                         {product} {ergonomic}
     uint ConcGCThreads                            = 1                                         {product} {ergonomic}
     uint G1ConcRefinementThreads                  = 4                                         {product} {ergonomic}
   size_t G1HeapRegionSize                         = 2097152                                   {product} {ergonomic}
   size_t InitialHeapSize                          = 201326592                                 {product} {ergonomic}
   size_t MarkStackSize                            = 4194304                                   {product} {ergonomic}
   size_t MarkStackSizeMax                         = 536870912                                 {product} {ergonomic}
   size_t MaxHeapSize                              = 3189768192                                {product} {ergonomic}
   size_t MinHeapDeltaBytes                        = 2097152                                   {product} {ergonomic}
   size_t MinHeapSize                              = 8388608                                   {product} {ergonomic}
    uintx NonNMethodCodeHeapSize                   = 5832704                                {pd product} {ergonomic}
    uintx NonProfiledCodeHeapSize                  = 122945536                              {pd product} {ergonomic}
    uintx ProfiledCodeHeapSize                     = 122880000                              {pd product} {ergonomic}
    uintx ReservedCodeCacheSize                    = 251658240                              {pd product} {ergonomic}
     bool SegmentedCodeCache                       = true                                      {product} {ergonomic}
   size_t SoftMaxHeapSize                          = 3189768192                             {manageable} {ergonomic}
     bool UseCompressedOops                        = true                           {product lp64_product} {ergonomic}
     bool UseG1GC                                  = true                                      {product} {ergonomic}
     bool UseLargePagesIndividualAllocation        = false                                  {pd product} {ergonomic}

Logging:
Log output configuration:
 #0: stdout all=warning uptime,level,tags foldmultilines=false
 #1: stderr all=off uptime,level,tags foldmultilines=false

Environment Variables:
JAVA_HOME=C:\Program Files\Java\jdk-23
PATH=C:\Program Files\Common Files\Oracle\Java\javapath;C:\Program Files\Eclipse Adoptium\jdk-21.0.5.11-hotspot\bin;C:\Program Files (x86)\Common Files\Oracle\Java\java8path;C:\Program Files (x86)\Common Files\Oracle\Java\javapath;C:\Users\user\AppData\Local\Programs\Python\Python312\Scripts\;C:\Users\user\AppData\Local\Programs\Python\Python312\;C:\Program Files (x86)\NVIDIA Corporation\PhysX\Common;C:\Program Files (x86)\Common Files\Intel\Shared Libraries\redist\intel64_win\compiler;C:\Windows\system32;C:\Windows;C:\Windows\System32\Wbem;C:\Windows\System32\WindowsPowerShell\v1.0\;C:\Windows\System32\OpenSSH\;C:\Program Files\Microsoft SQL Server\120\Tools\Binn\;C:\Program Files\Common Files\Autodesk Shared\;C:\Program Files (x86)\Intel\Intel(R) Management Engine Components\DAL;C:\Program Files\Intel\Intel(R) Management Engine Components\DAL;C:\Program Files\Git\cmd;C:\Program Files (x86)\nodejs\;C:\ProgramData\chocolatey\bin;C:\Program Files\PuTTY\;C:\Program Files\Docker\Docker\resources\bin;C:\Program Files\Java\jdk-23\bin;C:\Program Files (x86)\Windows Kits\10\Windows Performance Toolkit\;C:\Program Files\MySQL\MySQL Shell 8.0\bin\;C:\Users\user\AppData\Local\Microsoft\WindowsApps;C:\Program Files\JetBrains\PyCharm Community Edition 2023.2\bin;;C:\ProgramData\Branis\GitHubDesktop\bin;C:\Users\user\AppData\Local\GitHubDesktop\bin;C:\Users\user\AppData\Local\Programs\Microsoft VS Code\bin;C:\Users\user\AppData\Roaming\npm;D:\heroku\bin;C:\Users\user\AppData\Local\Microsoft\WinGet\Packages\Schniz.fnm_Microsoft.Winget.Source_8wekyb3d8bbwe;C:\Users\user\AppData\Roaming\Python\Scripts;C:\Flutter\src\flutter\bin;
USERNAME=Branis
OS=Windows_NT
PROCESSOR_IDENTIFIER=Intel64 Family 6 Model 78 Stepping 3, GenuineIntel
TMP=C:\Users\user\AppData\Local\Temp
TEMP=C:\Users\user\AppData\Local\Temp




Periodic native trim disabled

---------------  S Y S T E M  ---------------

OS:
 Windows 10 , 64 bit Build 19041 (10.0.19041.5438)
OS uptime: 1 days 16:15 hours
Hyper-V role detected

CPU: total 4 (initial active 4) (2 cores per cpu, 2 threads per core) family 6 model 78 stepping 3 microcode 0xf0, cx8, cmov, fxsr, ht, mmx, 3dnowpref, sse, sse2, sse3, ssse3, sse4.1, sse4.2, popcnt, lzcnt, tsc, tscinvbit, avx, avx2, aes, erms, clmul, bmi1, bmi2, rtm, adx, fma, vzeroupper, clflush, clflushopt, hv, rdtscp, f16c
Processor Information for the first 4 processors :
  Max Mhz: 2496, Current Mhz: 2396, Mhz Limit: 2396

Memory: 4k page, system-wide physical 12167M (1816M free)
TotalPageFile size 12167M (AvailPageFile size 76M)
current process WorkingSet (physical memory assigned to process): 11M, peak: 11M
current process commit charge ("private bytes"): 52M, peak: 244M

vm_info: Java HotSpot(TM) 64-Bit Server VM (23.0.1+11-39) for windows-amd64 JRE (23.0.1+11-39), built on 2024-09-30T07:20:43Z with MS VC++ 17.6 (VS2022)

END.
